#
# An unexpected error has been detected by Java Runtime Environment:
#
#  EXCEPTION_ACCESS_VIOLATION (0xc0000005) at pc=0x00000000072f85dd, pid=888, tid=4952
#
# Java VM: Java HotSpot(TM) 64-Bit Server VM (1.6.0-b105 mixed mode)
# Problematic frame:
# C  [zip.dll+0x85dd]
#
# If you would like to submit a bug report, please visit:
#   http://java.sun.com/webapps/bugreport/crash.jsp
#

---------------  T H R E A D  ---------------

Current thread (0x000000000fd9d800):  JavaThread "Image Animator 3" daemon [_thread_in_native, id=4952]

siginfo: ExceptionCode=0xc0000005, reading address 0x0000000000000018

Registers:
EAX=0x0000000000000000, EBX=0x0000000000000003, ECX=0x0000000030a45040, EDX=0x0000000000000000
ESP=0x000000000965c600, EBP=0x000000000fd9d990, ESI=0x0000000030a45040, EDI=0x0000000000000000
EIP=0x00000000072f85dd, EFLAGS=0x0000000000010206

Top of Stack: (sp=0x000000000965c600)
0x000000000965c600:   0000000000000000 00000000000004e8
0x000000000965c610:   00000000310f21b0 000000000dbcdbd1
0x000000000965c620:   000000001820e028 0000000000000000
0x000000000965c630:   0000000030a45040 000000000fd9d990
0x000000000965c640:   0000000000000003 00000000072f1f8c
0x000000000965c650:   0000000000000000 0000000000000240
0x000000000965c660:   0000000000000000 00000000000004e8
0x000000000965c670:   0000000000000003 0000000000000000
0x000000000965c680:   00000000000004e8 0000000000000000
0x000000000965c690:   0000000000000000 0000000000000000
0x000000000965c6a0:   0000000000000000 0000000000000000
0x000000000965c6b0:   0000000000000000 0000000000000000
0x000000000965c6c0:   0000000000000000 0000000000000000
0x000000000965c6d0:   0000000000000000 0000000000000000
0x000000000965c6e0:   0000000000000000 0000000000000000
0x000000000965c6f0:   0000000000000000 0000000000000018 

Instructions: (pc=0x00000000072f85dd)
0x00000000072f85cd:   c4 58 5f 5b c3 cc cc 48 53 55 56 57 48 83 ec 28
0x00000000072f85dd:   4c 8b 52 18 49 8b e9 49 8b f0 4d 85 d2 48 8b d9 


Stack: [0x00000000095e0000,0x0000000009660000),  sp=0x000000000965c600,  free space=497k
Native frames: (J=compiled Java code, j=interpreted, Vv=VM code, C=native code)
C  [zip.dll+0x85dd]

Java frames: (J=compiled Java code, j=interpreted, Vv=VM code)
j  java.util.zip.ZipFile.read(JJJ[BII)I+0
j  java.util.zip.ZipFile.access$1200(JJJ[BII)I+10
j  java.util.zip.ZipFile$ZipFileInputStream.read([BII)I+66
J  java.util.zip.InflaterInputStream.read([BII)I
j  java.io.FilterInputStream.read([BII)I+7
j  java.io.BufferedInputStream.fill()V+175
j  java.io.BufferedInputStream.read1([BII)I+44
j  java.io.BufferedInputStream.read([BII)I+49
j  sun.awt.image.GifImageDecoder.readBytes([BII)I+11
v  ~StubRoutines::call_stub
j  sun.awt.image.GifImageDecoder.parseImage(IIIIZI[B[BLjava/awt/image/IndexColorModel;)Z+0
j  sun.awt.image.GifImageDecoder.readImage(ZII)Z+660
j  sun.awt.image.GifImageDecoder.produceImage()V+487
j  sun.awt.image.InputStreamImageSource.doFetch()V+51
j  sun.awt.image.ImageFetcher.fetchloop()V+33
j  sun.awt.image.ImageFetcher.run()V+5
v  ~StubRoutines::call_stub

---------------  P R O C E S S  ---------------

Java Threads: ( => current thread )
  0x000000002d9e0000 JavaThread "Image Fetcher 0" daemon [_thread_blocked, id=2696]
  0x000000000fd9e800 JavaThread "Image Fetcher 1" daemon [_thread_blocked, id=4064]
  0x000000000fd9e000 JavaThread "Image Fetcher 2" daemon [_thread_blocked, id=2748]
  0x000000002d9e0800 JavaThread "Image Fetcher 3" daemon [_thread_blocked, id=2808]
=>0x000000000fd9d800 JavaThread "Image Animator 3" daemon [_thread_in_native, id=4952]
  0x000000000fd9d400 JavaThread "Loader for _view_1" daemon [_thread_blocked, id=252]
  0x000000002d9dfc00 JavaThread "Image Animator 1" daemon [_thread_blocked, id=4224]
  0x000000002d9de400 JavaThread "Timer queue for AWT thread" daemon [_thread_blocked, id=2540]
  0x000000002d9dd800 JavaThread "Prefs Updater" [_thread_blocked, id=4776]
  0x000000002d9dd000 JavaThread "Timer queue for AWT thread" daemon [_thread_blocked, id=4296]
  0x000000002dd4a400 JavaThread "Thread-15" [_thread_blocked, id=3508]
  0x000000002dd49c00 JavaThread "Thread-14" [_thread_blocked, id=3520]
  0x000000002dd49400 JavaThread "Thread-13" [_thread_blocked, id=2664]
  0x00000000116f0000 JavaThread "Thread-12" [_thread_blocked, id=648]
  0x00000000116ef800 JavaThread "Thread-11" [_thread_blocked, id=1944]
  0x00000000116ef400 JavaThread "Thread-10" [_thread_blocked, id=4580]
  0x00000000116eec00 JavaThread "Thread-9" [_thread_blocked, id=3724]
  0x00000000116ee400 JavaThread "Thread-8" [_thread_blocked, id=4108]
  0x00000000116edc00 JavaThread "Thread-7" [_thread_blocked, id=4104]
  0x00000000116ed800 JavaThread "Active Reference Queue Daemon" daemon [_thread_blocked, id=1880]
  0x00000000116ed000 JavaThread "Timer-2" daemon [_thread_blocked, id=4452]
  0x00000000116ec800 JavaThread "Timer-1" daemon [_thread_blocked, id=1328]
  0x000000002d8b2400 JavaThread "TimerQueue" daemon [_thread_blocked, id=2680]
  0x0000000011677c00 JavaThread "AWT-EventQueue-0" [_thread_blocked, id=1956]
  0x000000001151f800 JavaThread "AWT-Windows" daemon [_thread_in_native, id=2812]
  0x000000001151d000 JavaThread "AWT-Shutdown" [_thread_blocked, id=4192]
  0x000000000f82b000 JavaThread "Java2D Disposer" daemon [_thread_blocked, id=2120]
  0x000000000f989c00 JavaThread "Timer-0" [_thread_blocked, id=3352]
  0x000000000f857c00 JavaThread "Low Memory Detector" daemon [_thread_blocked, id=3956]
  0x000000000f84f800 JavaThread "CompilerThread1" daemon [_thread_blocked, id=2704]
  0x000000000f83b800 JavaThread "CompilerThread0" daemon [_thread_in_native, id=3388]
  0x000000000f83ac00 JavaThread "Attach Listener" daemon [_thread_blocked, id=1412]
  0x000000000f822c00 JavaThread "Finalizer" daemon [_thread_blocked, id=4016]
  0x000000000f81cc00 JavaThread "Reference Handler" daemon [_thread_blocked, id=3208]
  0x0000000004397c00 JavaThread "main" [_thread_in_native, id=984]

Other Threads:
  0x000000000f818400 VMThread [id=3632]
  0x000000000f85d400 WatcherThread [id=4444]

VM state:not at safepoint (normal execution)

VM Mutex/Monitor currently owned by a thread: None

Heap
 PSYoungGen      total 21888K, used 5918K [0x00000000265a0000, 0x0000000028650000, 0x00000000296a0000)
  eden space 11200K, 5% used [0x00000000265a0000,0x000000002662f0b8,0x0000000027090000)
  from space 10688K, 50% used [0x0000000027be0000,0x00000000281189b0,0x0000000028650000)
  to   space 11136K, 0% used [0x0000000027090000,0x0000000027090000,0x0000000027b70000)
 PSOldGen        total 81536K, used 54329K [0x000000001d2a0000, 0x0000000022240000, 0x00000000265a0000)
  object space 81536K, 66% used [0x000000001d2a0000,0x00000000207ae620,0x0000000022240000)
 PSPermGen       total 91264K, used 48610K [0x00000000152a0000, 0x000000001abc0000, 0x000000001d2a0000)
  object space 91264K, 53% used [0x00000000152a0000,0x0000000018218900,0x000000001abc0000)

Dynamic libraries:
0x0000000140000000 - 0x0000000140138000 	C:\Program Files\MATLAB\R2008a\bin\win64\MATLAB.exe
0x0000000077260000 - 0x00000000773e0000 	C:\Windows\system32\ntdll.dll
0x0000000077060000 - 0x000000007718c000 	C:\Windows\system32\kernel32.dll
0x0000000180000000 - 0x0000000180401000 	C:\Program Files\MATLAB\R2008a\bin\win64\libut.dll
0x000007fefdac0000 - 0x000007fefdad7000 	C:\Windows\system32\imagehlp.dll
0x000007fefdd30000 - 0x000007fefddcc000 	C:\Windows\system32\msvcrt.dll
0x00000000773e0000 - 0x00000000773e9000 	C:\Windows\system32\PSAPI.DLL
0x0000000001050000 - 0x0000000001078000 	C:\Program Files\MATLAB\R2008a\bin\win64\LIBEXPAT.dll
0x00000000753d0000 - 0x0000000075499000 	C:\Windows\WinSxS\amd64_microsoft.vc80.crt_1fc8b3b9a1e18e3b_8.0.50727.4027_none_88dceacb2fb189d6\MSVCR80.dll
0x000000004a800000 - 0x000000004a917000 	C:\Program Files\MATLAB\R2008a\bin\win64\icuuc36.dll
0x000007feff450000 - 0x000007feff558000 	C:\Windows\system32\ADVAPI32.dll
0x000007fefed50000 - 0x000007fefee8f000 	C:\Windows\system32\RPCRT4.dll
0x00000000010a0000 - 0x00000000010a3000 	C:\Program Files\MATLAB\R2008a\bin\win64\icudt36.dll
0x000000004ab00000 - 0x000000004ab0f000 	C:\Program Files\MATLAB\R2008a\bin\win64\icuio36.dll
0x00000000019d0000 - 0x0000000001ad6000 	C:\Program Files\MATLAB\R2008a\bin\win64\icuin36.dll
0x0000000075180000 - 0x0000000075289000 	C:\Windows\WinSxS\amd64_microsoft.vc80.crt_1fc8b3b9a1e18e3b_8.0.50727.4027_none_88dceacb2fb189d6\MSVCP80.dll
0x0000000077190000 - 0x000000007725d000 	C:\Windows\system32\USER32.dll
0x000007fefdae0000 - 0x000007fefdb43000 	C:\Windows\system32\GDI32.dll
0x0000000001ae0000 - 0x0000000001c54000 	C:\Program Files\MATLAB\R2008a\bin\win64\libmwservices.dll
0x00000000010f0000 - 0x0000000001160000 	C:\Program Files\MATLAB\R2008a\bin\win64\libmx.dll
0x0000000001170000 - 0x0000000001187000 	C:\Program Files\MATLAB\R2008a\bin\win64\zlib1.dll
0x0000000001c60000 - 0x0000000001d08000 	C:\Program Files\MATLAB\R2008a\bin\win64\libmwmathutil.dll
0x0000000001d10000 - 0x0000000001d65000 	C:\Program Files\MATLAB\R2008a\bin\win64\mpath.dll
0x0000000001d70000 - 0x0000000001d91000 	C:\Program Files\MATLAB\R2008a\bin\win64\mlutil.dll
0x000007fefa830000 - 0x000007fefa8d0000 	C:\Windows\WinSxS\amd64_microsoft.windows.common-controls_6595b64144ccf1df_5.82.6001.18000_none_40ba501d3c2b20ff\COMCTL32.dll
0x000007fefeea0000 - 0x000007fefef2c000 	C:\Windows\system32\comdlg32.dll
0x000007fefda40000 - 0x000007fefdab3000 	C:\Windows\system32\SHLWAPI.dll
0x000007fefddd0000 - 0x000007fefea22000 	C:\Windows\system32\SHELL32.dll
0x000007fefd300000 - 0x000007fefd3a3000 	C:\Windows\system32\NETAPI32.dll
0x000007fefed00000 - 0x000007fefed44000 	C:\Windows\system32\WS2_32.dll
0x000007fefec10000 - 0x000007fefec17000 	C:\Windows\system32\NSI.dll
0x0000000001da0000 - 0x0000000001df5000 	C:\Program Files\MATLAB\R2008a\bin\win64\mcr.dll
0x0000000001e00000 - 0x0000000001e25000 	C:\Program Files\MATLAB\R2008a\bin\win64\iqm.dll
0x0000000001e40000 - 0x0000000001e61000 	C:\Program Files\MATLAB\R2008a\bin\win64\bridge.dll
0x0000000001e80000 - 0x0000000001e91000 	C:\Program Files\MATLAB\R2008a\bin\win64\libmex.dll
0x0000000001eb0000 - 0x0000000001f3c000 	C:\Program Files\MATLAB\R2008a\bin\win64\m_dispatcher.dll
0x0000000001f50000 - 0x0000000001f75000 	C:\Program Files\MATLAB\R2008a\bin\win64\datasvcs.dll
0x0000000012000000 - 0x0000000012295000 	C:\Program Files\MATLAB\R2008a\bin\win64\xerces-c_2_7.dll
0x0000000001fa0000 - 0x0000000002831000 	C:\Program Files\MATLAB\R2008a\bin\win64\m_interpreter.dll
0x0000000002850000 - 0x0000000002881000 	C:\Program Files\MATLAB\R2008a\bin\win64\libmat.dll
0x00000000028a0000 - 0x00000000029a5000 	C:\Program Files\MATLAB\R2008a\bin\win64\libhdf5.dll
0x00000000029b0000 - 0x0000000002a1f000 	C:\Program Files\MATLAB\R2008a\bin\win64\profiler.dll
0x0000000002a30000 - 0x0000000002a3a000 	C:\Program Files\MATLAB\R2008a\bin\win64\libmwmathrng.dll
0x0000000002a50000 - 0x0000000002a6a000 	C:\Program Files\MATLAB\R2008a\bin\win64\m_pcodeio.dll
0x0000000002a80000 - 0x0000000002aca000 	C:\Program Files\MATLAB\R2008a\bin\win64\m_ir.dll
0x0000000002ae0000 - 0x000000000309b000 	C:\Program Files\MATLAB\R2008a\bin\win64\m_parser.dll
0x00000000030b0000 - 0x00000000030c2000 	C:\Program Files\MATLAB\R2008a\bin\win64\ir_xfmr.dll
0x00000000030e0000 - 0x00000000032fb000 	C:\Program Files\MATLAB\R2008a\bin\win64\mcos.dll
0x0000000003310000 - 0x000000000331c000 	C:\Program Files\MATLAB\R2008a\bin\win64\mtok.dll
0x0000000003330000 - 0x0000000003350000 	C:\Program Files\MATLAB\R2008a\bin\win64\m_pcodegen.dll
0x000007fefc530000 - 0x000007fefc643000 	C:\Windows\system32\dbghelp.dll
0x0000000003360000 - 0x0000000003370000 	C:\Program Files\MATLAB\R2008a\bin\win64\boost_thread-vc80-mt-1_34_1.dll
0x0000000003380000 - 0x0000000003440000 	C:\Program Files\MATLAB\R2008a\bin\win64\udd.dll
0x0000000003450000 - 0x0000000003592000 	C:\Program Files\MATLAB\R2008a\bin\win64\libmwgui.dll
0x00000000035b0000 - 0x00000000037ea000 	C:\Program Files\MATLAB\R2008a\bin\win64\hg.dll
0x0000000003800000 - 0x0000000003856000 	C:\Program Files\MATLAB\R2008a\bin\win64\jmi.dll
0x0000000003870000 - 0x00000000038ae000 	C:\Program Files\MATLAB\R2008a\bin\win64\libmwhardcopy.dll
0x00000000038c0000 - 0x000000000391c000 	C:\Program Files\MATLAB\R2008a\bin\win64\libuij.dll
0x0000000003930000 - 0x0000000003bbc000 	C:\Program Files\MATLAB\R2008a\bin\win64\numerics.dll
0x0000000003bd0000 - 0x0000000003bdc000 	C:\Program Files\MATLAB\R2008a\bin\win64\libmwblas.dll
0x0000000003bf0000 - 0x0000000003bff000 	C:\Program Files\MATLAB\R2008a\bin\win64\libmwbinder.dll
0x0000000003c10000 - 0x0000000003c34000 	C:\Program Files\MATLAB\R2008a\bin\win64\libmwlapack.dll
0x0000000003c50000 - 0x0000000003c5b000 	C:\Program Files\MATLAB\R2008a\bin\win64\libmwfftw.dll
0x0000000003c70000 - 0x0000000003ca5000 	C:\Program Files\MATLAB\R2008a\bin\win64\libmwrookfastbp.dll
0x0000000003cc0000 - 0x0000000003cee000 	C:\Program Files\MATLAB\R2008a\bin\win64\libmwma57.dll
0x0000000010000000 - 0x00000000100d3000 	C:\Program Files\MATLAB\R2008a\bin\win64\libifcoremd.dll
0x0000000003d00000 - 0x0000000003f1d000 	C:\Program Files\MATLAB\R2008a\bin\win64\libmmd.dll
0x0000000003f20000 - 0x0000000003f29000 	C:\Program Files\MATLAB\R2008a\bin\win64\libmwcsparse.dll
0x0000000003f40000 - 0x000000000400a000 	C:\Program Files\MATLAB\R2008a\bin\win64\libmwumfpack.dll
0x0000000004020000 - 0x000000000402d000 	C:\Program Files\MATLAB\R2008a\bin\win64\libmwamd.dll
0x0000000004040000 - 0x00000000040d2000 	C:\Program Files\MATLAB\R2008a\bin\win64\libmwcholmod.dll
0x00000000040f0000 - 0x00000000040fc000 	C:\Program Files\MATLAB\R2008a\bin\win64\libmwcolamd.dll
0x0000000004110000 - 0x00000000041c9000 	C:\Program Files\MATLAB\R2008a\bin\win64\uiw.dll
0x00000000041e0000 - 0x00000000041ea000 	C:\Program Files\MATLAB\R2008a\bin\win64\uinone.dll
0x0000000074e70000 - 0x000000007500c000 	C:\Windows\WinSxS\amd64_microsoft.vc80.mfc_1fc8b3b9a1e18e3b_8.0.50727.4027_none_84417f7f329478cb\MFC80.DLL
0x000007fef9e10000 - 0x000007fef9e68000 	C:\Windows\system32\WINSPOOL.DRV
0x000007fefea30000 - 0x000007fefec08000 	C:\Windows\system32\ole32.dll
0x000007fefec20000 - 0x000007fefecf3000 	C:\Windows\system32\OLEAUT32.dll
0x0000000004200000 - 0x0000000004290000 	C:\Program Files\MATLAB\R2008a\bin\win64\udd_mi.dll
0x00000000042a0000 - 0x00000000042b8000 	C:\Program Files\MATLAB\R2008a\bin\win64\mwoles05.DLL
0x00000000042d0000 - 0x0000000004339000 	C:\Program Files\MATLAB\R2008a\bin\win64\comcli.dll
0x0000000075380000 - 0x00000000753a0000 	C:\Windows\WinSxS\amd64_microsoft.vc80.atl_1fc8b3b9a1e18e3b_8.0.50727.4053_none_8a1a02152edb659b\ATL80.DLL
0x0000000004350000 - 0x000000000435e000 	C:\Program Files\MATLAB\R2008a\bin\win64\mlautoregister.dll
0x000007fefeff0000 - 0x000007feff01d000 	C:\Windows\system32\IMM32.DLL
0x000007feff130000 - 0x000007feff231000 	C:\Windows\system32\MSCTF.dll
0x000007fefee90000 - 0x000007fefee9d000 	C:\Windows\system32\LPK.DLL
0x000007fefd9a0000 - 0x000007fefda3a000 	C:\Windows\system32\USP10.dll
0x000007fefc250000 - 0x000007fefc449000 	C:\Windows\WinSxS\amd64_microsoft.windows.common-controls_6595b64144ccf1df_6.0.6001.18000_none_152e7382f3bd50c6\comctl32.dll
0x0000000007c10000 - 0x00000000085de000 	C:\Program Files\MATLAB\R2008a\bin\win64\mkl.dll
0x0000000004510000 - 0x000000000455b000 	C:\Program Files\MATLAB\R2008a\bin\win64\libguide40.dll
0x0000000006090000 - 0x0000000006098000 	C:\Program Files\MATLAB\R2008a\bin\win64\mklcompat.dll
0x00000000085e0000 - 0x0000000008b87000 	C:\Program Files\MATLAB\R2008a\bin\win64\mllapack.dll
0x0000000007740000 - 0x0000000007834000 	C:\Program Files\MATLAB\R2008a\bin\win64\libfftw3i.dll
0x0000000007840000 - 0x000000000792e000 	C:\Program Files\MATLAB\R2008a\bin\win64\libfftw3f.dll
0x00000000753a0000 - 0x00000000753ad000 	C:\Windows\WinSxS\amd64_microsoft.vc80.mfcloc_1fc8b3b9a1e18e3b_8.0.50727.4027_none_bc19c25d0be3a20f\MFC80ENU.DLL
0x000007fefc4d0000 - 0x000007fefc521000 	C:\Windows\system32\uxtheme.dll
0x000007feff240000 - 0x000007feff2d9000 	C:\Windows\system32\CLBCatQ.DLL
0x000007fefdb50000 - 0x000007fefdd2b000 	C:\Windows\system32\SETUPAPI.dll
0x000007fefcfc0000 - 0x000007fefcfe3000 	C:\Windows\system32\iphlpapi.dll
0x000007fefcf70000 - 0x000007fefcfb5000 	C:\Windows\system32\dhcpcsvc.DLL
0x000007fefd280000 - 0x000007fefd2b9000 	C:\Windows\system32\DNSAPI.dll
0x000007fefd7f0000 - 0x000007fefd80c000 	C:\Windows\system32\Secur32.dll
0x000007fefd6a0000 - 0x000007fefd6aa000 	C:\Windows\system32\WINNSI.DLL
0x000007fefcf40000 - 0x000007fefcf6b000 	C:\Windows\system32\dhcpcsvc6.DLL
0x0000000072a50000 - 0x0000000072a54000 	C:\Windows\system32\icmp.Dll
0x000000000da00000 - 0x000000000df51000 	C:\Program Files\MATLAB\R2008a\sys\java\jre\win64\jre1.6.0\bin\server\jvm.dll
0x000007fefb820000 - 0x000007fefb859000 	C:\Windows\system32\WINMM.dll
0x000007fefb7d0000 - 0x000007fefb81f000 	C:\Windows\system32\OLEACC.dll
0x00000000061d0000 - 0x00000000061da000 	C:\Program Files\MATLAB\R2008a\sys\java\jre\win64\jre1.6.0\bin\hpi.dll
0x00000000072b0000 - 0x00000000072be000 	C:\Program Files\MATLAB\R2008a\sys\java\jre\win64\jre1.6.0\bin\verify.dll
0x00000000072c0000 - 0x00000000072e7000 	C:\Program Files\MATLAB\R2008a\sys\java\jre\win64\jre1.6.0\bin\java.dll
0x00000000072f0000 - 0x0000000007302000 	C:\Program Files\MATLAB\R2008a\sys\java\jre\win64\jre1.6.0\bin\zip.dll
0x0000000007700000 - 0x0000000007716000 	C:\Program Files\MATLAB\R2008a\bin\win64\nativejava.dll
0x00000000079e0000 - 0x00000000079f6000 	C:\Program Files\MATLAB\R2008a\bin\win64\nativejmi.dll
0x0000000007720000 - 0x0000000007727000 	C:\Program Files\MATLAB\R2008a\bin\win64\nativeservices.dll
0x0000000011960000 - 0x0000000011bb0000 	C:\Program Files\MATLAB\R2008a\sys\java\jre\win64\jre1.6.0\bin\awt.dll
0x000000000ff90000 - 0x000000000fff9000 	C:\Program Files\MATLAB\R2008a\sys\java\jre\win64\jre1.6.0\bin\fontmanager.dll
0x0000000008f30000 - 0x0000000008f47000 	C:\Program Files\MATLAB\R2008a\sys\java\jre\win64\jre1.6.0\bin\net.dll
0x000007fefccf0000 - 0x000007fefcd3f000 	C:\Windows\system32\mswsock.dll
0x000007fefcdb0000 - 0x000007fefcdb7000 	C:\Windows\System32\wship6.dll
0x0000000008f50000 - 0x0000000008f5b000 	C:\Program Files\MATLAB\R2008a\sys\java\jre\win64\jre1.6.0\bin\nio.dll
0x0000000011fd0000 - 0x0000000011fd7000 	C:\Program Files\MATLAB\R2008a\bin\win64\nativelmgr.dll
0x000000002f870000 - 0x000000002f99a000 	C:\Program Files\MATLAB\R2008a\bin\win64\instutil.dll
0x000007fefc650000 - 0x000007fefc663000 	C:\Windows\system32\NLAapi.dll
0x000007fef9c40000 - 0x000007fef9c53000 	C:\Windows\system32\napinsp.dll
0x000007fef99c0000 - 0x000007fef99d7000 	C:\Windows\system32\pnrpnsp.dll
0x000007fef99f0000 - 0x000007fef99fb000 	C:\Windows\System32\winrnr.dll
0x000007fefef90000 - 0x000007fefefe5000 	C:\Windows\system32\WLDAP32.dll

VM Arguments:
jvm_args: -Xss512k -XX:PermSize=32M -Xms64m -XX:NewRatio=3 -XX:MaxPermSize=128M -Xmx196m -XX:MaxDirectMemorySize=2147400000 -Dsun.java2d.noddraw=true -Dsun.awt.nopixfmt=true -Xshare:off -Xrs -Djava.library.path=C:\Program Files\MATLAB\R2008a\bin\win64 vfprintf abort
java_command: <unknown>
Launcher Type: generic

Environment Variables:
PATH=c:\Program Files\java\jdk1.6.0_16\bin;C:\Program Files (x86)\Pragma\Clients;C:\Program Files\MATLAB\R2008a\bin;C:\Program Files\MATLAB\R2008a\bin\win64;C:\Windows\system32;C:\Windows;C:\Windows\System32\Wbem;C:\Program Files\MySQL\MySQL Server 5.1\bin;C:\Program Files (x86)\GNU\GnuPG\pub;C:\Program Files (x86)\Common Files\DivX Shared\;C:\Program Files (x86)\erl5.7.5\bin;c:\Program Files (x86)\Microsoft SQL Server\100\Tools\Binn\;c:\Program Files\Microsoft SQL Server\100\Tools\Binn\;c:\Program Files\Microsoft SQL Server\100\DTS\Binn\;C:\Program Files (x86)\SSH Communications Security\SSH Secure Shell;C:\Program Files (x86)\erl5.7.5\bin
USERNAME=amaryllis
OS=Windows_NT
PROCESSOR_IDENTIFIER=Intel64 Family 6 Model 23 Stepping 10, GenuineIntel



---------------  S Y S T E M  ---------------

OS: Windows Vista Build 6001 Service Pack 1

CPU:total 2 em64t ht

Memory: 4k page, physical 4057140k(2216784k free), swap 8297852k(5567812k free)

vm_info: Java HotSpot(TM) 64-Bit Server VM (1.6.0-b105) for windows-amd64, built on Nov 29 2006 00:38:01 by "java_re" with unknown MS VC++:1400

